2019-03-08 09:08:17 INFO  ContextLoader:304 - Root WebApplicationContext: initialization started
2019-03-08 09:08:17 INFO  AnnotationConfigWebApplicationContext:583 - Refreshing Root WebApplicationContext: startup date [Fri Mar 08 09:08:17 CST 2019]; root of context hierarchy
2019-03-08 09:08:17 INFO  AnnotationConfigWebApplicationContext:207 - Registering annotated classes: [class com.apexlegendsat.springmvc.configuration.ALATConfiguration]
2019-03-08 09:08:18 INFO  DriverManagerDataSource:133 - Loaded JDBC driver: com.mysql.jdbc.Driver
2019-03-08 09:08:18 INFO  Version:46 - HHH000412: Hibernate Core {5.4.0.Final}
2019-03-08 09:08:18 INFO  Environment:199 - HHH000206: hibernate.properties not found
2019-03-08 09:08:19 INFO  Version:49 - HCANN000001: Hibernate Commons Annotations {5.1.0.Final}
2019-03-08 09:08:19 WARN  JdbcEnvironmentInitiator:132 - HHH000342: Could not obtain connection to query metadata : Could not create connection to database server.
2019-03-08 09:08:19 INFO  Dialect:158 - HHH000400: Using dialect: org.hibernate.dialect.MySQLDialect
2019-03-08 09:08:19 INFO  LobCreatorBuilderImpl:65 - HHH000422: Disabling contextual LOB creation as connection was null
2019-03-08 09:08:19 INFO  JtaPlatformInitiator:52 - HHH000490: Using JtaPlatform implementation: [org.hibernate.engine.transaction.jta.platform.internal.NoJtaPlatform]
2019-03-08 09:08:20 INFO  RequestMappingHandlerMapping:543 - Mapped "{[/user/],methods=[POST]}" onto public org.springframework.http.ResponseEntity<java.lang.Void> com.apexlegendsat.springmvc.controller.ALATUserRestController.createUser(com.apexlegendsat.springmvc.entity.UserEntity,org.springframework.web.util.UriComponentsBuilder)
2019-03-08 09:08:20 INFO  RequestMappingHandlerMapping:543 - Mapped "{[/user/],methods=[GET]}" onto public org.springframework.http.ResponseEntity<java.util.List<com.apexlegendsat.springmvc.entity.UserEntity>> com.apexlegendsat.springmvc.controller.ALATUserRestController.listAllUsers()
2019-03-08 09:08:20 INFO  RequestMappingHandlerMapping:543 - Mapped "{[/user/{id}],methods=[GET],produces=[application/json]}" onto public org.springframework.http.ResponseEntity<com.apexlegendsat.springmvc.entity.UserEntity> com.apexlegendsat.springmvc.controller.ALATUserRestController.getUser(long)
2019-03-08 09:08:20 INFO  RequestMappingHandlerMapping:543 - Mapped "{[/user/{id}],methods=[DELETE]}" onto public org.springframework.http.ResponseEntity<com.apexlegendsat.springmvc.entity.UserEntity> com.apexlegendsat.springmvc.controller.ALATUserRestController.deleteUser(long)
2019-03-08 09:08:20 INFO  RequestMappingHandlerMapping:543 - Mapped "{[/user/],methods=[DELETE]}" onto public org.springframework.http.ResponseEntity<com.apexlegendsat.springmvc.entity.UserEntity> com.apexlegendsat.springmvc.controller.ALATUserRestController.deleteAllUsers()
2019-03-08 09:08:20 INFO  RequestMappingHandlerMapping:543 - Mapped "{[/user/{id}],methods=[PUT]}" onto public org.springframework.http.ResponseEntity<com.apexlegendsat.springmvc.entity.UserEntity> com.apexlegendsat.springmvc.controller.ALATUserRestController.updateUser(long,com.apexlegendsat.springmvc.entity.UserEntity)
2019-03-08 09:08:20 INFO  RequestMappingHandlerMapping:543 - Mapped "{[/weapon/],methods=[POST]}" onto public org.springframework.http.ResponseEntity<java.lang.Void> com.apexlegendsat.springmvc.controller.ALATWeaponRestController.createWeapon(com.apexlegendsat.springmvc.entity.WeaponEntity)
2019-03-08 09:08:20 INFO  RequestMappingHandlerMapping:543 - Mapped "{[/weapon/],methods=[DELETE]}" onto public org.springframework.http.ResponseEntity<com.apexlegendsat.springmvc.entity.WeaponEntity> com.apexlegendsat.springmvc.controller.ALATWeaponRestController.deleteAllWeapons()
2019-03-08 09:08:20 INFO  RequestMappingHandlerMapping:543 - Mapped "{[/weapon/{id}],methods=[DELETE]}" onto public org.springframework.http.ResponseEntity<com.apexlegendsat.springmvc.entity.WeaponEntity> com.apexlegendsat.springmvc.controller.ALATWeaponRestController.deleteWeapon(long)
2019-03-08 09:08:20 INFO  RequestMappingHandlerMapping:543 - Mapped "{[/weapon/{id}],methods=[GET],produces=[application/json]}" onto public org.springframework.http.ResponseEntity<com.apexlegendsat.springmvc.entity.WeaponEntity> com.apexlegendsat.springmvc.controller.ALATWeaponRestController.getWeapon(long)
2019-03-08 09:08:20 INFO  RequestMappingHandlerMapping:543 - Mapped "{[/weapon/{id}],methods=[PUT]}" onto public org.springframework.http.ResponseEntity<com.apexlegendsat.springmvc.entity.WeaponEntity> com.apexlegendsat.springmvc.controller.ALATWeaponRestController.updateWeapon(long,com.apexlegendsat.springmvc.entity.WeaponEntity)
2019-03-08 09:08:20 INFO  RequestMappingHandlerMapping:543 - Mapped "{[/weapon/],methods=[GET]}" onto public org.springframework.http.ResponseEntity<java.util.List<com.apexlegendsat.springmvc.entity.WeaponEntity>> com.apexlegendsat.springmvc.controller.ALATWeaponRestController.listAllWeapons()
2019-03-08 09:08:20 INFO  RequestMappingHandlerMapping:543 - Mapped "{[/],methods=[GET]}" onto public java.lang.String com.apexlegendsat.springmvc.controller.IndexController.getIndexPage()
2019-03-08 09:08:20 INFO  RequestMappingHandlerMapping:543 - Mapped "{[/login],methods=[POST]}" onto public java.lang.String com.apexlegendsat.springmvc.controller.LoginController.checkLogin(java.lang.String,java.lang.String,javax.servlet.http.HttpServletRequest)
2019-03-08 09:08:20 INFO  RequestMappingHandlerMapping:543 - Mapped "{[/login],methods=[GET]}" onto public org.springframework.web.servlet.ModelAndView com.apexlegendsat.springmvc.controller.PageController.getLoginPage(javax.servlet.http.HttpServletRequest)
2019-03-08 09:08:20 INFO  RequestMappingHandlerMapping:543 - Mapped "{[/weaponmanager],methods=[GET]}" onto public org.springframework.web.servlet.ModelAndView com.apexlegendsat.springmvc.controller.PageController.getWeaponManagerPage(javax.servlet.http.HttpServletRequest)
2019-03-08 09:08:20 INFO  RequestMappingHandlerMapping:543 - Mapped "{[/analysis],methods=[GET]}" onto public java.lang.String com.apexlegendsat.springmvc.controller.PageController.getAnalysisPage()
2019-03-08 09:08:20 INFO  RequestMappingHandlerMapping:543 - Mapped "{[/legends],methods=[GET]}" onto public java.lang.String com.apexlegendsat.springmvc.controller.PageController.getLegendsPage()
2019-03-08 09:08:20 INFO  RequestMappingHandlerMapping:543 - Mapped "{[/signup],methods=[GET]}" onto public java.lang.String com.apexlegendsat.springmvc.controller.PageController.getSignupPage()
2019-03-08 09:08:20 INFO  RequestMappingHandlerMapping:543 - Mapped "{[/weapons],methods=[GET]}" onto public java.lang.String com.apexlegendsat.springmvc.controller.PageController.getWeaponsPage()
2019-03-08 09:08:20 INFO  SimpleUrlHandlerMapping:362 - Mapped URL path [/static/**] onto handler of type [class org.springframework.web.servlet.resource.ResourceHttpRequestHandler]
2019-03-08 09:08:20 INFO  RequestMappingHandlerAdapter:534 - Looking for @ControllerAdvice: Root WebApplicationContext: startup date [Fri Mar 08 09:08:17 CST 2019]; root of context hierarchy
2019-03-08 09:08:20 INFO  ContextLoader:344 - Root WebApplicationContext: initialization completed in 3566 ms
2019-03-08 09:08:20 INFO  DispatcherServlet:489 - FrameworkServlet 'dispatcher': initialization started
2019-03-08 09:08:20 INFO  AnnotationConfigWebApplicationContext:583 - Refreshing WebApplicationContext for namespace 'dispatcher-servlet': startup date [Fri Mar 08 09:08:20 CST 2019]; parent: Root WebApplicationContext
2019-03-08 09:08:20 INFO  DispatcherServlet:508 - FrameworkServlet 'dispatcher': initialization completed in 58 ms
2019-03-08 11:05:07 INFO  AnnotationConfigWebApplicationContext:984 - Closing WebApplicationContext for namespace 'dispatcher-servlet': startup date [Fri Mar 08 09:08:20 CST 2019]; parent: Root WebApplicationContext
2019-03-08 11:05:07 INFO  AnnotationConfigWebApplicationContext:984 - Closing Root WebApplicationContext: startup date [Fri Mar 08 09:08:17 CST 2019]; root of context hierarchy
